<?xml version="1.0" encoding="UTF-8"?>
<testng-results ignored="0" total="1" passed="1" failed="0" skipped="0">
  <reporter-output>
  </reporter-output>
  <suite started-at="2025-01-22T12:27:35 BDT" name="Default suite" finished-at="2025-01-22T12:29:06 BDT" duration-ms="90885">
    <groups>
    </groups>
    <test started-at="2025-01-22T12:27:35 BDT" name="Default test" finished-at="2025-01-22T12:29:06 BDT" duration-ms="90885">
      <class name="appsautumationtesting.MyDemoAppTest">
        <test-method is-config="true" signature="setDevice()[pri:0, instance:appsautumationtesting.MyDemoAppTest@5158b42f]" started-at="2025-01-22T12:27:35 BDT" name="setDevice" finished-at="2025-01-22T12:27:51 BDT" duration-ms="16185" status="PASS">
          <reporter-output>
          </reporter-output>
        </test-method> <!-- setDevice -->
        <test-method signature="test_app_one()[pri:0, instance:appsautumationtesting.MyDemoAppTest@5158b42f]" started-at="2025-01-22T12:27:52 BDT" name="test_app_one" finished-at="2025-01-22T12:29:05 BDT" duration-ms="73672" status="PASS">
          <reporter-output>
          </reporter-output>
        </test-method> <!-- test_app_one -->
        <test-method is-config="true" signature="closeApp()[pri:0, instance:appsautumationtesting.MyDemoAppTest@5158b42f]" started-at="2025-01-22T12:29:05 BDT" name="closeApp" finished-at="2025-01-22T12:29:06 BDT" duration-ms="926" status="PASS">
          <reporter-output>
          </reporter-output>
        </test-method> <!-- closeApp -->
      </class> <!-- appsautumationtesting.MyDemoAppTest -->
    </test> <!-- Default test -->
  </suite> <!-- Default suite -->
</testng-results>
